<?xml version="1.0" encoding="UTF-8"?>
<!-- Generated by org.testng.reporters.JUnitReportReporter -->
<testsuite hostname="LAPTOP-N8DHG9FC" failures="0" tests="2" name="MavenJava.Selenium.SeleniumTest" time="0.022" errors="0" timestamp="19 Jan 2021 09:15:25 GMT">
  <testcase classname="MavenJava.Selenium.SeleniumTest" name="seleniumDetailTest" time="0.021"/>
  <testcase classname="MavenJava.Selenium.SeleniumTest" name="seleniumTest" time="0.001"/>
</testsuite> <!-- MavenJava.Selenium.SeleniumTest -->
