<?xml version="1.0" encoding="UTF-8"?>
<!-- Generated by org.testng.reporters.JUnitReportReporter -->
<testsuite hostname="LAPTOP-N8DHG9FC" failures="0" tests="2" name="MavenJava.Selenium.RestAPITest" time="0.002" errors="0" timestamp="19 Jan 2021 09:15:25 GMT">
  <testcase classname="MavenJava.Selenium.RestAPITest" name="restAPIDetailTest" time="0.001"/>
  <testcase classname="MavenJava.Selenium.RestAPITest" name="restAPITest" time="0.001"/>
</testsuite> <!-- MavenJava.Selenium.RestAPITest -->
